<?xml version="1.0" encoding="UTF-8"?>
<!-- Generated by org.testng.reporters.JUnitXMLReporter -->
<testsuite ignored="0" hostname="DESKTOP-IJLUITG" failures="0" tests="3" name="Default test" time="173.245" errors="0" timestamp="2024-05-11T01:22:06 IST">
  <testcase classname="com.seleniumPractice.CheckBoxRadioDemo" name="checkBoxFunctionality_TC001" time="2.908"/>
  <testcase classname="com.seleniumPractice.CheckBoxRadioDemo" name="dropDownFunc" time="5.424"/>
  <testcase classname="com.seleniumPractice.CheckBoxRadioDemo" name="selectRadioBtn" time="0.925"/>
</testsuite> <!-- Default test -->
