<?xml version="1.0" encoding="UTF-8"?>
<testng-results ignored="0" total="3" passed="3" failed="0" skipped="0">
  <reporter-output>
  </reporter-output>
  <suite started-at="2024-05-11T01:19:08 IST" name="Default suite" finished-at="2024-05-11T01:22:01 IST" duration-ms="173245">
    <groups>
    </groups>
    <test started-at="2024-05-11T01:19:08 IST" name="Default test" finished-at="2024-05-11T01:22:01 IST" duration-ms="173245">
      <class name="com.seleniumPractice.CheckBoxRadioDemo">
        <test-method is-config="true" signature="setUp()[pri:0, instance:com.seleniumPractice.CheckBoxRadioDemo@57cf54e1]" started-at="2024-05-11T01:19:08 IST" name="setUp" finished-at="2024-05-11T01:19:51 IST" duration-ms="43241" status="PASS">
          <reporter-output>
          </reporter-output>
        </test-method> <!-- setUp -->
        <test-method signature="checkBoxFunctionality_TC001()[pri:0, instance:com.seleniumPractice.CheckBoxRadioDemo@57cf54e1]" started-at="2024-05-11T01:19:51 IST" name="checkBoxFunctionality_TC001" finished-at="2024-05-11T01:19:54 IST" duration-ms="2908" status="PASS">
          <reporter-output>
          </reporter-output>
        </test-method> <!-- checkBoxFunctionality_TC001 -->
        <test-method is-config="true" signature="setUp()[pri:0, instance:com.seleniumPractice.CheckBoxRadioDemo@57cf54e1]" started-at="2024-05-11T01:19:54 IST" name="setUp" finished-at="2024-05-11T01:20:39 IST" duration-ms="44479" status="PASS">
          <reporter-output>
          </reporter-output>
        </test-method> <!-- setUp -->
        <test-method signature="dropDownFunc()[pri:0, instance:com.seleniumPractice.CheckBoxRadioDemo@57cf54e1]" started-at="2024-05-11T01:20:39 IST" name="dropDownFunc" finished-at="2024-05-11T01:20:44 IST" duration-ms="5424" status="PASS">
          <reporter-output>
          </reporter-output>
        </test-method> <!-- dropDownFunc -->
        <test-method is-config="true" signature="setUp()[pri:0, instance:com.seleniumPractice.CheckBoxRadioDemo@57cf54e1]" started-at="2024-05-11T01:20:44 IST" name="setUp" finished-at="2024-05-11T01:22:01 IST" duration-ms="76182" status="PASS">
          <reporter-output>
          </reporter-output>
        </test-method> <!-- setUp -->
        <test-method signature="selectRadioBtn()[pri:0, instance:com.seleniumPractice.CheckBoxRadioDemo@57cf54e1]" started-at="2024-05-11T01:22:01 IST" name="selectRadioBtn" finished-at="2024-05-11T01:22:01 IST" duration-ms="925" status="PASS">
          <reporter-output>
          </reporter-output>
        </test-method> <!-- selectRadioBtn -->
      </class> <!-- com.seleniumPractice.CheckBoxRadioDemo -->
    </test> <!-- Default test -->
  </suite> <!-- Default suite -->
</testng-results>
